/BATCH  
/COM,ANSYS RELEASE 12.1    UP20091102       14:02:43    12/01/2016
/input,menust,tmp,'',,,,,,,,,,,,,,,,1   
/GRA,POWER
/GST,ON
/PLO,INFO,3
/GRO,CURL,ON
/CPLANE,1   
/REPLOT,RESIZE  
WPSTYLE,,,,,,,,0
!*  
/NOPR   
/PMETH,OFF,0
KEYW,PR_SET,1   
KEYW,PR_STRUC,1 
KEYW,PR_THERM,0 
KEYW,PR_FLUID,0 
KEYW,PR_ELMAG,0 
KEYW,MAGNOD,0   
KEYW,MAGEDG,0   
KEYW,MAGHFE,0   
KEYW,MAGELC,0   
KEYW,PR_MULTI,0 
KEYW,PR_CFD,0   
/GO 
!*  
/COM,   
/COM,Preferences for GUI filtering have been set to display:
/COM,  Structural   
!*  
/PREP7  
!*  
ET,1,SOLID45
!*  
!*  
MPTEMP,,,,,,,,  
MPTEMP,1,0  
MPDATA,EX,1,,203.4e9
MPDATA,PRXY,1,,0.3  
K,1,0,0,0,  
K,2,74e-9,0,0,  
K,3,7.4e-008,74e-9,0,   
K,4,0,7.4e-008,0,   
K,5,32e-9,32e-9,190e-9, 
K,6,4.2e-008,3.2e-008,1.9e-007, 
K,7,4.2e-008,4.2e-008,1.9e-007, 
K,8,0,4.2e-008,1.9e-007,
KDELE,       8  
K,8,32e-9,4.2e-008,1.9e-007,
/VIEW,1,1,1,1   
/ANG,1  
/REP,FAST   
/DIST,1,0.924021086472,1
/REP,FAST   
/DIST,1,0.924021086472,1
/REP,FAST   
/USER,  1   
/VIEW,  1,  0.604072719264    ,  0.613755945863    ,  0.508330393306
/ANG,   1,   3.28856764929  
/REPLO  
/FOC,   1,  0.349584919783E-07,  0.415623336335E-07,  0.919174770717E-07
/REPLO  
/FOC,   1,  0.299623443345E-07,  0.593814967716E-07,  0.763398509105E-07
/REPLO  
/DIST,1,0.924021086472,1
/REP,FAST   
/DIST,1,0.924021086472,1
/REP,FAST   
/VIEW,  1,  0.609762281761    ,  0.632773709414    ,  0.477270774735
/ANG,   1,   4.38559125628  
/REPLO  
/FOC,   1,  0.334347892975E-07,  0.544504315812E-07,  0.784411370170E-07
/REPLO  
LSTR,       7,       8  
LSTR,       8,       5  
LSTR,       5,       6  
LSTR,       6,       7  
LSTR,       5,       1  
LSTR,       7,       3  
LSTR,       8,       4  
LSTR,       6,       2  
LSTR,       4,       1  
LSTR,       1,       2  
LSTR,       3,       2  
LSTR,       3,       4  
/VIEW,  1,  0.486974652329    ,  0.768096135041    ,  0.415793236266
/ANG,   1,   2.61603396753  
/REPLO  
LPLOT   
FLST,2,4,4  
FITEM,2,8   
FITEM,2,5   
FITEM,2,10  
FITEM,2,3   
AL,P51X 
FLST,2,4,4  
FITEM,2,9   
FITEM,2,12  
FITEM,2,11  
FITEM,2,10  
AL,P51X 
FLST,2,4,4  
FITEM,2,11  
FITEM,2,8   
FITEM,2,6   
FITEM,2,4   
AL,P51X 
FLST,2,4,4  
FITEM,2,3   
FITEM,2,1   
FITEM,2,2   
FITEM,2,4   
AL,P51X 
FLST,2,4,4  
FITEM,2,5   
FITEM,2,2   
FITEM,2,7   
FITEM,2,9   
AL,P51X 
FLST,2,4,4  
FITEM,2,1   
FITEM,2,6   
FITEM,2,7   
FITEM,2,12  
AL,P51X 
/VIEW,  1,  0.425687281914    ,  0.369693530856    ,  0.825903766343
/ANG,   1,  -10.8420910333  
/REPLO  
APLOT   
/VIEW,  1,  0.860686754836    ,  0.508961788399    , -0.132743361042E-01
/ANG,   1,   19.3939797162  
/REPLO  
/VIEW,  1,  0.744728054484    ,  0.370397665237    , -0.555144750900
/ANG,   1,   35.5550211073  
/REPLO  
FLST,2,6,5,ORDE,2   
FITEM,2,1   
FITEM,2,-6  
VA,P51X 
VPLOT   
/UI,MESH,OFF
SAVE
SAVE
/VIEW,  1,  0.238252467859    ,  0.935885952234    ,  0.259525039197
/ANG,   1,  -26.7545544489  
/REPLO  
/VIEW,  1,  0.413782926284    ,  0.907617385561    ,  0.708122259524E-01
/ANG,   1,   11.4891417478  
/REPLO  
LPLOT   
FLST,5,4,4,ORDE,2   
FITEM,5,5   
FITEM,5,-8  
CM,_Y,LINE  
LSEL, , , ,P51X 
CM,_Y1,LINE 
CMSEL,S,_Y  
!*  
!*  
LESIZE,_Y1,0, ,8,0,4,0,0
CMDELE,_Y   
CMDELE,_Y1  
!*  
/VIEW,  1,  0.321722370567    ,  0.675664231921    , -0.663304275562
/ANG,   1,   74.0011279356  
/REPLO  
FLST,5,4,4,ORDE,2   
FITEM,5,9   
FITEM,5,-12 
CM,_Y,LINE  
LSEL, , , ,P51X 
CM,_Y1,LINE 
CMSEL,S,_Y  
!*  
!*  
LESIZE,_Y1,0, ,4,0,4,0,0
CMDELE,_Y   
CMDELE,_Y1  
!*  
/VIEW,  1,  0.262198394294    ,  0.948097837000    , -0.179895785123
/ANG,   1,   48.1241045781  
/REPLO  
/VIEW,  1,  0.264001827497    ,  0.357759685461    , -0.895718171378
/ANG,   1,   78.5294894469  
/REPLO  
FLST,5,4,4,ORDE,2   
FITEM,5,1   
FITEM,5,-4  
CM,_Y,LINE  
LSEL, , , ,P51X 
CM,_Y1,LINE 
CMSEL,S,_Y  
!*  
!*  
LESIZE,_Y1,0, ,4,0,4,0,0
CMDELE,_Y   
CMDELE,_Y1  
!*  
MSHAPE,0,3D 
MSHKEY,1
!*  
CM,_Y,VOLU  
VSEL, , , ,       1 
CM,_Y1,VOLU 
CHKMSH,'VOLU'   
CMSEL,S,_Y  
!*  
VMESH,_Y1   
!*  
CMDELE,_Y   
CMDELE,_Y1  
CMDELE,_Y2  
!*  
/VIEW,  1,  0.557488474221    ,  0.628203247121    , -0.542740528630
/ANG,   1,   63.1726886732  
/REPLO  
/VIEW,  1, -0.779438646211E-01,  0.996381694570    , -0.338861726110E-01
/ANG,   1,   168.949294037  
/REPLO  
/VIEW,  1, -0.118017036422    ,  0.569372422277    ,  0.813564394418
/ANG,   1,  -90.4236460386  
/REPLO  
/VIEW,  1,  0.272391272287    ,  0.175626610383    ,  0.946022350955
/ANG,   1,  -80.0097366871  
/REPLO  
/VIEW,  1,  0.539557268765    , -0.612695623687E-01,  0.839716615561
/ANG,   1,  -78.6002369335  
/REPLO  
/VIEW,  1,  0.549441594527    ,  0.269964384338    ,  0.790716868033
/ANG,   1,  -78.3890066803  
/REPLO  
/DIST,1,1.08222638492,1 
/REP,FAST   
/DIST,1,1.08222638492,1 
/REP,FAST   
/DIST,1,1.08222638492,1 
/REP,FAST   
/DIST,  1,  0.941859900280E-07  
/ANG,   1,  -89.7890066803  
/REPLO  
/VIEW,  1,  0.721599533246    ,  0.591121523815    , -0.360374052481
/ANG,   1,  -49.2415818407  
/REPLO  
/VIEW,  1,  0.686330160740    ,  0.513659394165    , -0.514883421024
/ANG,   1,  -43.4780239551  
/REPLO  
/DIST,1,1.08222638492,1 
/REP,FAST   
/DIST,1,1.08222638492,1 
/REP,FAST   
/DIST,1,1.08222638492,1 
/REP,FAST   
/DIST,1,1.08222638492,1 
/REP,FAST   
/DIST,1,0.924021086472,1
/REP,FAST   
/DIST,1,0.924021086472,1
/REP,FAST   
/DIST,1,0.924021086472,1
/REP,FAST   
/DIST,1,0.924021086472,1
/REP,FAST   
/DIST,1,1.08222638492,1 
/REP,FAST   
/DIST,1,1.08222638492,1 
/REP,FAST   
/DIST,1,1.08222638492,1 
/REP,FAST   
/VIEW,  1,  0.598136172094    ,  0.474842604546    , -0.645567673092
/ANG,   1,  -38.6764151050  
/REPLO  
/FOC,   1,  0.265206303278E-07,  0.448797528392E-07,  0.649953358062E-07
/REPLO  
/ZOOM,1,RECT,-0.837726,0.785958 ,-0.751335384627 ,0.070329021483
/UI,MESH,OFF
/REPLOT 
VPLOT   
VPLOT   
LPLOT   
VPLOT   
/AUTO,1 
/REP,FAST   
EPLOT   
/USER,  1   
/VIEW,  1,  0.689465967315    ,  0.483769158804    , -0.539077063975
/ANG,   1,  -43.0685743614  
/REPLO  
/VIEW,1,1,1,1   
/ANG,1  
/REP,FAST   
/VIEW,  1,  0.643846416604    ,  0.486562001146    , -0.590524521817
/ANG,   1,   57.7707523544  
/REPLO  
/VIEW,  1,  0.129067861066    ,  0.739675242832E-01, -0.988873243945
/ANG,   1,   75.0505946201  
/REPLO  
/VIEW,  1, -0.301838644115    , -0.907284642747    , -0.292793459547
/ANG,   1,   45.1160111377  
/REPLO  
/VIEW,  1, -0.426972631471    , -0.787575349850    , -0.444319074858
/ANG,   1,   46.8358886588  
/REPLO  
FLST,2,1,1,ORDE,1   
FITEM,2,61  
!*  
/GO 
D,P51X, , , , , ,ALL, , , , ,   
FLST,2,1,1,ORDE,1   
FITEM,2,12  
!*  
/GO 
D,P51X, , , , , ,UX,UZ, , , ,   
/VIEW,  1,  0.173041687531    ,  0.369298710803    , -0.913058068567
/ANG,   1,   71.8729989833  
/REPLO  
/VIEW,  1,  0.164274402601    ,  0.814285696369    , -0.556733980765
/ANG,   1,   68.1867282775  
/REPLO  
/VIEW,  1, -0.168080541610E-02,  0.523888280491    , -0.851785327684
/ANG,   1,   79.8084626077  
/REPLO  
/DIST,1,0.729,1 
/REP,FAST   
/DIST,1,0.729,1 
/REP,FAST   
/DIST,1,0.729,1 
/REP,FAST   
/VIEW,  1, -0.340913866103E-01,  0.619441563445E-01, -0.997497217467
/ANG,   1,   81.3579078663  
/REPLO  
NPLOT   
/VIEW,  1, -0.620602431899E-01,  0.428464077323    , -0.901425016659
/ANG,   1,   81.7811246985  
/REPLO  
/VIEW,  1, -0.108703673835    ,  0.647223513691    , -0.754509930100
/ANG,   1,   84.0761679825  
/REPLO  
/FOC,   1,  0.405978567285E-07, -0.464964301839E-09,  0.623439605006E-07
/REPLO  
/VIEW,  1, -0.113463274202    ,  0.842347522772    , -0.526855517468
/ANG,   1,   87.1774896222  
/REPLO  
/FOC,   1,  0.441407536819E-07, -0.128308785434E-07,  0.418100844036E-07
/REPLO  
/VIEW,  1, -0.129422754189    ,  0.928231488086    , -0.348763609373
/ANG,   1,   94.4759906766  
/REPLO  
LPLOT   
NPLOT   
/VIEW,  1, -0.418663956062    ,  0.785683240941    , -0.455436424540
/ANG,   1,   113.671153712  
/REPLO  
/VIEW,  1, -0.507884043336    ,  0.720202509258    , -0.472612044053
/ANG,   1,   117.069694299  
/REPLO  
FLST,2,23,1,ORDE,8  
FITEM,2,2   
FITEM,2,10  
FITEM,2,-11 
FITEM,2,13  
FITEM,2,46  
FITEM,2,-60 
FITEM,2,62  
FITEM,2,-65 
!*  
/GO 
D,P51X, ,0, , , ,UZ, , , , ,
EPLOT   
/VIEW,  1, -0.129454281610    ,  0.903083458800    ,  0.409489750072
/ANG,   1,  -136.171061391  
/REPLO  
/DIST,1,0.924021086472,1
/REP,FAST   
/DIST,1,0.924021086472,1
/REP,FAST   
/DIST,1,0.924021086472,1
/REP,FAST   
/DIST,1,0.924021086472,1
/REP,FAST   
/DIST,1,1.08222638492,1 
/REP,FAST   
/DIST,1,1.08222638492,1 
/REP,FAST   
/DIST,1,1.08222638492,1 
/REP,FAST   
/DIST,1,1.08222638492,1 
/REP,FAST   
/DIST,1,1.08222638492,1 
/REP,FAST   
/DIST,1,1.08222638492,1 
/REP,FAST   
/DIST,1,1.08222638492,1 
/REP,FAST   
/DIST,1,1.08222638492,1 
/REP,FAST   
/DIST,1,1.08222638492,1 
/REP,FAST   
/DIST,1,1.08222638492,1 
/REP,FAST   
/DIST,1,1.08222638492,1 
/REP,FAST   
/DIST,1,1.08222638492,1 
/REP,FAST   
/DIST,1,1.08222638492,1 
/REP,FAST   
/DIST,1,1.08222638492,1 
/REP,FAST   
/DIST,1,1.08222638492,1 
/REP,FAST   
/DIST,1,1.08222638492,1 
/REP,FAST   
/DIST,1,1.08222638492,1 
/REP,FAST   
/VIEW,  1,  0.197016559977E-01,  0.276267200310E-01,  0.999424138738
/ANG,   1,  -118.589773220  
/REPLO  
/DIST,1,1.08222638492,1 
/REP,FAST   
/DIST,1,1.08222638492,1 
/REP,FAST   
/DIST,1,1.08222638492,1 
/REP,FAST   
/DIST,1,1.08222638492,1 
/REP,FAST   
/DIST,1,1.08222638492,1 
/REP,FAST   
/DIST,1,1.08222638492,1 
/REP,FAST   
/DIST,1,1.08222638492,1 
/REP,FAST   
/DIST,1,1.08222638492,1 
/REP,FAST   
/DIST,1,0.924021086472,1
/REP,FAST   
/DIST,1,0.924021086472,1
/REP,FAST   
/DIST,1,0.924021086472,1
/REP,FAST   
/DIST,1,0.924021086472,1
/REP,FAST   
/DIST,1,0.924021086472,1
/REP,FAST   
/DIST,1,0.924021086472,1
/REP,FAST   
/DIST,1,0.924021086472,1
/REP,FAST   
/DIST,1,0.924021086472,1
/REP,FAST   
/DIST,1,0.924021086472,1
/REP,FAST   
/DIST,1,0.924021086472,1
/REP,FAST   
/DIST,1,0.924021086472,1
/REP,FAST   
/DIST,1,0.924021086472,1
/REP,FAST   
/DIST,1,0.924021086472,1
/REP,FAST   
/DIST,1,0.924021086472,1
/REP,FAST   
/DIST,1,0.924021086472,1
/REP,FAST   
/DIST,1,0.924021086472,1
/REP,FAST   
/DIST,1,0.924021086472,1
/REP,FAST   
/DIST,1,0.924021086472,1
/REP,FAST   
/DIST,1,0.924021086472,1
/REP,FAST   
/DIST,1,0.924021086472,1
/REP,FAST   
/DIST,1,0.924021086472,1
/REP,FAST   
/VIEW,  1, -0.264010375513E-01,  0.231987012752    ,  0.972360535568
/ANG,   1,  -119.699038511  
/REPLO  
/VIEW,  1, -0.526333146428E-01,  0.505672007384    ,  0.861118781085
/ANG,   1,  -120.241308748  
/REPLO  
/REPLO  
/FOC,   1,  0.416450861410E-07, -0.372909416658E-07,  0.560211482356E-07
/REPLO  
/VIEW,  1, -0.551604811148E-01,  0.574455992616    ,  0.816674741786
/ANG,   1,  -120.420639856  
/REPLO  
/DIST,1,0.924021086472,1
/REP,FAST   
/DIST,1,0.924021086472,1
/REP,FAST   
/DIST,1,0.924021086472,1
/REP,FAST   
/DIST,1,0.924021086472,1
/REP,FAST   
/DIST,1,0.924021086472,1
/REP,FAST   
/DIST,1,0.924021086472,1
/REP,FAST   
/DIST,1,0.924021086472,1
/REP,FAST   
/DIST,1,0.924021086472,1
/REP,FAST   
/VIEW,  1, -0.241039266671E-02,  0.680127398714    ,  0.733089975055
/ANG,   1,  -118.056540594  
/REPLO  
/FOC,   1,  0.398063922146E-07, -0.508988773187E-07,  0.686399238537E-07
/REPLO  
/FOC,   1,  0.389906673959E-07, -0.542048325479E-07,  0.717043560375E-07
/REPLO  
NPLOT   
FLST,2,1,1,ORDE,1   
FITEM,2,109 
/DIST,1,0.924021086472,1
/REP,FAST   
/DIST,1,0.924021086472,1
/REP,FAST   
/DIST,1,1.08222638492,1 
/REP,FAST   
/DIST,1,1.08222638492,1 
/REP,FAST   
/DIST,1,1.08222638492,1 
/REP,FAST   
/DIST,1,1.08222638492,1 
/REP,FAST   
/DIST,1,1.08222638492,1 
/REP,FAST   
/DIST,1,1.08222638492,1 
/REP,FAST   
/DIST,1,1.08222638492,1 
/REP,FAST   
/DIST,1,1.08222638492,1 
/REP,FAST   
/DIST,1,1.08222638492,1 
/REP,FAST   
/DIST,1,1.08222638492,1 
/REP,FAST   
/DIST,1,1.08222638492,1 
/REP,FAST   
/DIST,1,1.08222638492,1 
/REP,FAST   
/DIST,1,1.08222638492,1 
/REP,FAST   
/DIST,1,1.08222638492,1 
/REP,FAST   
/DIST,1,1.08222638492,1 
/REP,FAST   
/DIST,1,1.08222638492,1 
/REP,FAST   
/VIEW,  1, -0.279869408902E-01,  0.745050558965    ,  0.666420584710
/ANG,   1,  -119.628400883  
/REPLO  
/VIEW,  1, -0.168691598453    ,  0.930780206507    ,  0.324332162739
/ANG,   1,  -141.609182511  
/REPLO  
/VIEW,  1, -0.126599402557    ,  0.816030970840    ,  0.563973444324
/ANG,   1,  -128.704175329  
/REPLO  
/DIST,1,0.924021086472,1
/REP,FAST   
/DIST,1,0.924021086472,1
/REP,FAST   
/DIST,1,0.924021086472,1
/REP,FAST   
/DIST,1,0.924021086472,1
/REP,FAST   
/VIEW,  1, -0.482039339308E-01,  0.655072212690    ,  0.754027039910
/ANG,   1,  -121.941904013  
/REPLO  
/DIST,1,0.924021086472,1
/REP,FAST   
/DIST,1,0.924021086472,1
/REP,FAST   
/DIST,1,0.924021086472,1
/REP,FAST   
/DIST,1,1.08222638492,1 
/REP,FAST   
/DIST,1,1.08222638492,1 
/REP,FAST   
/DIST,1,1.08222638492,1 
/REP,FAST   
/DIST,1,1.08222638492,1 
/REP,FAST   
/DIST,1,1.08222638492,1 
/REP,FAST   
/DIST,1,1.08222638492,1 
/REP,FAST   
/DIST,1,1.08222638492,1 
/REP,FAST   
/DIST,1,1.08222638492,1 
/REP,FAST   
/DIST,1,1.08222638492,1 
/REP,FAST   
/DIST,1,1.08222638492,1 
/REP,FAST   
/DIST,1,1.08222638492,1 
/REP,FAST   
/DIST,1,0.924021086472,1
/REP,FAST   
/DIST,1,0.924021086472,1
/REP,FAST   
/DIST,1,0.924021086472,1
/REP,FAST   
/DIST,1,0.924021086472,1
/REP,FAST   
/DIST,1,0.924021086472,1
/REP,FAST   
/DIST,1,1.08222638492,1 
/REP,FAST   
/DIST,1,0.924021086472,1
/REP,FAST   
/DIST,1,0.924021086472,1
/REP,FAST   
/DIST,1,0.924021086472,1
/REP,FAST   
/DIST,1,0.924021086472,1
/REP,FAST   
/DIST,1,0.924021086472,1
/REP,FAST   
/DIST,1,0.924021086472,1
/REP,FAST   
/DIST,1,0.924021086472,1
/REP,FAST   
/DIST,1,0.924021086472,1
/REP,FAST   
/DIST,1,0.924021086472,1
/REP,FAST   
/DIST,1,0.924021086472,1
/REP,FAST   
FLST,2,1,1,ORDE,1   
FITEM,2,109 
!*  
/GO 
F,P51X,FX,10e-9 
FINISH  
/SOL
EPLOT   
/STATUS,SOLU
/STATUS,SOLU
SOLVE   
FINISH  
/POST1  
PLDISP,2
/DIST,1,0.924021086472,1
/REP,FAST   
/DIST,1,0.924021086472,1
/REP,FAST   
/DIST,1,0.924021086472,1
/REP,FAST   
/DIST,1,0.924021086472,1
/REP,FAST   
/DIST,1,1.08222638492,1 
/REP,FAST   
/DIST,1,1.08222638492,1 
/REP,FAST   
/DIST,1,1.08222638492,1 
/REP,FAST   
/DIST,1,1.08222638492,1 
/REP,FAST   
/DIST,1,1.08222638492,1 
/REP,FAST   
/DIST,1,1.08222638492,1 
/REP,FAST   
/DIST,1,1.08222638492,1 
/REP,FAST   
/DIST,1,1.08222638492,1 
/REP,FAST   
/DIST,1,1.08222638492,1 
/REP,FAST   
/DIST,1,1.08222638492,1 
/REP,FAST   
/DIST,1,1.08222638492,1 
/REP,FAST   
/DIST,1,1.08222638492,1 
/REP,FAST   
/DIST,1,1.08222638492,1 
/REP,FAST   
/DIST,1,1.08222638492,1 
/REP,FAST   
/DIST,1,1.08222638492,1 
/REP,FAST   
/DIST,1,1.08222638492,1 
/REP,FAST   
/DIST,1,1.08222638492,1 
/REP,FAST   
/DIST,1,1.08222638492,1 
/REP,FAST   
/DIST,1,1.08222638492,1 
/REP,FAST   
/DIST,1,1.08222638492,1 
/REP,FAST   
/DIST,1,1.08222638492,1 
/REP,FAST   
/DIST,1,1.08222638492,1 
/REP,FAST   
/DIST,1,1.08222638492,1 
/REP,FAST   
/DIST,1,0.924021086472,1
/REP,FAST   
/DIST,1,0.924021086472,1
/REP,FAST   
/DIST,1,0.924021086472,1
/REP,FAST   
/DIST,1,0.924021086472,1
/REP,FAST   
/DIST,1,0.924021086472,1
/REP,FAST   
/DIST,1,0.924021086472,1
/REP,FAST   
/DIST,1,0.924021086472,1
/REP,FAST   
/DIST,1,0.924021086472,1
/REP,FAST   
/DIST,1,0.924021086472,1
/REP,FAST   
/DIST,1,0.924021086472,1
/REP,FAST   
/DIST,1,0.924021086472,1
/REP,FAST   
/VIEW,  1,  0.379918519856E-01,  0.899124592581    ,  0.436040807951
/ANG,   1,  -111.187612251  
/REPLO  
/DIST,1,0.924021086472,1
/REP,FAST   
/DIST,1,0.924021086472,1
/REP,FAST   
/DIST,1,0.924021086472,1
/REP,FAST   
/DIST,1,0.924021086472,1
/REP,FAST   
/DIST,1,1.08222638492,1 
/REP,FAST   
/DIST,1,1.08222638492,1 
/REP,FAST   
/DIST,1,1.08222638492,1 
/REP,FAST   
/DIST,1,1.08222638492,1 
/REP,FAST   
/DIST,1,1.08222638492,1 
/REP,FAST   
/DIST,1,1.08222638492,1 
/REP,FAST   
/DIST,1,1.08222638492,1 
/REP,FAST   
/DIST,1,1.08222638492,1 
/REP,FAST   
/DIST,1,1.08222638492,1 
/REP,FAST   
/VIEW,1,1,1,1   
/ANG,1  
/REP,FAST   
/VIEW,1,1,2,3   
/ANG,1  
/REP,FAST   
/VIEW,  1,  0.199799936493E-01,  0.998549724486    , -0.499924752587E-01
/ANG,   1,   137.884492508  
/REPLO  
/VIEW,  1, -0.262587869222E-01, -0.514860557797E-01, -0.998328434018
/ANG,   1,   160.282390585  
/REPLO  
/VIEW,  1,  0.374673459865E-01, -0.858721119480    , -0.511071655391
/ANG,   1,   162.294167576  
/REPLO  
/VIEW,  1,  0.221178725534    , -0.968608445363    , -0.113479738023
/ANG,   1,  -142.122147554  
/REPLO  
/VIEW,1,1,1,1   
/ANG,1  
/REP,FAST   
/DIST,1,0.924021086472,1
/REP,FAST   
/DIST,1,0.924021086472,1
/REP,FAST   
/DIST,1,0.924021086472,1
/REP,FAST   
/DIST,1,0.924021086472,1
/REP,FAST   
/DIST,1,0.924021086472,1
/REP,FAST   
/DIST,1,0.924021086472,1
/REP,FAST   
/DIST,1,1.08222638492,1 
/REP,FAST   
/DIST,1,1.08222638492,1 
/REP,FAST   
/DIST,1,1.08222638492,1 
/REP,FAST   
/DIST,1,1.08222638492,1 
/REP,FAST   
/DIST,1,1.08222638492,1 
/REP,FAST   
/DIST,1,1.08222638492,1 
/REP,FAST   
/DIST,1,1.08222638492,1 
/REP,FAST   
/DIST,1,1.08222638492,1 
/REP,FAST   
/DIST,1,1.08222638492,1 
/REP,FAST   
/DIST,1,1.08222638492,1 
/REP,FAST   
/DIST,1,1.08222638492,1 
/REP,FAST   
/DIST,1,1.08222638492,1 
/REP,FAST   
FINISH  
/PREP7  
FLST,2,225,1,ORDE,2 
FITEM,2,1   
FITEM,2,-225
FDELE,P51X,ALL  
NPLOT   
/DIST,1,0.924021086472,1
/REP,FAST   
/DIST,1,0.924021086472,1
/REP,FAST   
/DIST,1,0.924021086472,1
/REP,FAST   
/DIST,1,0.924021086472,1
/REP,FAST   
/DIST,1,0.924021086472,1
/REP,FAST   
/DIST,1,0.924021086472,1
/REP,FAST   
/DIST,1,1.08222638492,1 
/REP,FAST   
/DIST,1,1.08222638492,1 
/REP,FAST   
/DIST,1,1.08222638492,1 
/REP,FAST   
/DIST,1,1.08222638492,1 
/REP,FAST   
/DIST,1,1.08222638492,1 
/REP,FAST   
/DIST,1,1.08222638492,1 
/REP,FAST   
/DIST,1,1.08222638492,1 
/REP,FAST   
/DIST,1,1.08222638492,1 
/REP,FAST   
/DIST,1,0.924021086472,1
/REP,FAST   
/DIST,1,0.924021086472,1
/REP,FAST   
/DIST,1,0.924021086472,1
/REP,FAST   
/DIST,1,0.924021086472,1
/REP,FAST   
/DIST,1,0.924021086472,1
/REP,FAST   
/DIST,1,0.924021086472,1
/REP,FAST   
/DIST,1,0.924021086472,1
/REP,FAST   
/DIST,1,0.924021086472,1
/REP,FAST   
/DIST,1,0.924021086472,1
/REP,FAST   
/DIST,1,0.924021086472,1
/REP,FAST   
/DIST,1,0.924021086472,1
/REP,FAST   
/DIST,1,0.924021086472,1
/REP,FAST   
/DIST,1,0.924021086472,1
/REP,FAST   
/DIST,1,0.924021086472,1
/REP,FAST   
/VIEW,  1,  0.187704152179    ,  0.691604429361    ,  0.697460009279
/ANG,   1,  -19.2248058236  
/REPLO  
/VIEW,  1,  0.275426180578    ,  0.691946724348    ,  0.667345599908
/ANG,   1,  -14.1434107627  
/REPLO  
/DIST,1,1.08222638492,1 
/REP,FAST   
/DIST,1,1.08222638492,1 
/REP,FAST   
/DIST,1,1.08222638492,1 
/REP,FAST   
/DIST,1,1.08222638492,1 
/REP,FAST   
/DIST,1,0.924021086472,1
/REP,FAST   
/DIST,1,0.924021086472,1
/REP,FAST   
/DIST,1,0.924021086472,1
/REP,FAST   
/DIST,1,0.924021086472,1
/REP,FAST   
/DIST,1,0.924021086472,1
/REP,FAST   
/DIST,1,0.924021086472,1
/REP,FAST   
/DIST,1,0.924021086472,1
/REP,FAST   
/DIST,1,0.924021086472,1
/REP,FAST   
/DIST,1,0.924021086472,1
/REP,FAST   
/DIST,1,0.924021086472,1
/REP,FAST   
/FOC,   1,  0.843797149554E-09, -0.528506227990E-07,  0.860441610417E-07
/REPLO  
FLST,2,1,1,ORDE,1   
FITEM,2,109 
!*  
/GO 
F,P51X,FY,10e-9 
EPLOT   
/DIST,1,0.924021086472,1
/REP,FAST   
/DIST,1,0.924021086472,1
/REP,FAST   
/DIST,1,0.924021086472,1
/REP,FAST   
/DIST,1,0.924021086472,1
/REP,FAST   
/DIST,1,0.924021086472,1
/REP,FAST   
/DIST,1,0.924021086472,1
/REP,FAST   
/DIST,1,0.924021086472,1
/REP,FAST   
/DIST,1,0.924021086472,1
/REP,FAST   
/DIST,1,0.924021086472,1
/REP,FAST   
/DIST,1,0.924021086472,1
/REP,FAST   
/DIST,1,0.924021086472,1
/REP,FAST   
/DIST,1,1.08222638492,1 
/REP,FAST   
/DIST,1,1.08222638492,1 
/REP,FAST   
/DIST,1,1.08222638492,1 
/REP,FAST   
/DIST,1,1.08222638492,1 
/REP,FAST   
/DIST,1,1.08222638492,1 
/REP,FAST   
/DIST,1,1.08222638492,1 
/REP,FAST   
/DIST,1,1.08222638492,1 
/REP,FAST   
/DIST,1,1.08222638492,1 
/REP,FAST   
/DIST,1,1.08222638492,1 
/REP,FAST   
/DIST,1,1.08222638492,1 
/REP,FAST   
/DIST,1,1.08222638492,1 
/REP,FAST   
/DIST,1,1.08222638492,1 
/REP,FAST   
/DIST,1,1.08222638492,1 
/REP,FAST   
/DIST,1,1.08222638492,1 
/REP,FAST   
/DIST,1,1.08222638492,1 
/REP,FAST   
/DIST,1,1.08222638492,1 
/REP,FAST   
FINISH  
/SOL
/STATUS,SOLU
SOLVE   
FINISH  
/POST26 
FILE,'pyramid','rst','.'
/UI,COLL,1  
NUMVAR,200  
SOLU,191,NCMIT  
STORE,MERGE 
FILLDATA,191,,,,1,1 
REALVAR,191,191 
FINISH  
/POST1  
PLDISP,2
/DIST,1,0.924021086472,1
/REP,FAST   
/DIST,1,0.924021086472,1
/REP,FAST   
/DIST,1,0.924021086472,1
/REP,FAST   
/DIST,1,0.924021086472,1
/REP,FAST   
/DIST,1,0.924021086472,1
/REP,FAST   
/DIST,1,1.08222638492,1 
/REP,FAST   
/DIST,1,0.924021086472,1
/REP,FAST   
/DIST,1,0.924021086472,1
/REP,FAST   
/DIST,1,0.924021086472,1
/REP,FAST   
/DIST,1,0.924021086472,1
/REP,FAST   
/DIST,1,0.924021086472,1
/REP,FAST   
/DIST,1,0.924021086472,1
/REP,FAST   
/DIST,1,0.924021086472,1
/REP,FAST   
/DIST,1,0.924021086472,1
/REP,FAST   
/DIST,1,0.924021086472,1
/REP,FAST   
/DIST,1,0.924021086472,1
/REP,FAST   
/DIST,1,0.924021086472,1
/REP,FAST   
/DIST,1,0.924021086472,1
/REP,FAST   
/DIST,1,0.924021086472,1
/REP,FAST   
/DIST,1,0.924021086472,1
/REP,FAST   
/DIST,1,1.08222638492,1 
/REP,FAST   
/VIEW,1,,1  
/ANG,1  
/REP,FAST   
/AUTO,1 
/REP,FAST   
/VIEW,1,1   
/ANG,1  
/REP,FAST   
/VIEW,1,,1  
/ANG,1  
/REP,FAST   
/VIEW,1,,,-1
/ANG,1  
/REP,FAST   
/VIEW,1,-1  
/ANG,1  
/REP,FAST   
/VIEW,1,,-1 
/ANG,1  
/REP,FAST   
/VIEW,1,1,2,3   
/ANG,1  
/REP,FAST   
/VIEW,1,,,1 
/ANG,1  
/REP,FAST   
/VIEW,1,1   
/ANG,1  
/REP,FAST   
/VIEW,1,,,1 
/ANG,1  
/REP,FAST   
/USER,  1   
/VIEW,  1,   0.00000000000    , -0.202787295357    ,  0.979222810622
/REPLO  
/VIEW,  1, -0.417933869511E-01, -0.298839563169    ,  0.953387763867
/ANG,   1,  0.617048933446  
/REPLO  
/VIEW,  1, -0.439152680482    , -0.166433479222    ,  0.882861722027
/ANG,   1,   6.25819043062  
/REPLO  
/VIEW,  1,  0.471324040917E-01, -0.313299893296    ,  0.948483902523
/ANG,   1,  -1.28246766145  
/REPLO  
/VIEW,  1,  0.236677212032    , -0.192449849794    ,  0.952337625330
/ANG,   1,  -4.42895615443  
/REPLO  
/VIEW,  1,  0.611419019169    , -0.590757616150E-01,  0.789098750087
/ANG,   1,  -7.56615170894  
/REPLO  
/VIEW,  1,  0.683276910061    , -0.429374144389E-02,  0.730146716737
/ANG,   1,  -7.76362030521  
/REPLO  
/FOC,   1,  0.193944818270E-07,  0.315291258949E-07,  0.111993171055E-06
/REPLO  
/VIEW,  1,  0.303543001780    , -0.455658438623E-01,  0.951727587046
/ANG,   1,  -6.71256066905  
/REPLO  
/VIEW,  1,  0.216154227590    , -0.237204963114    ,  0.947106728605
/ANG,   1,  -6.07281948877  
/REPLO  
/VIEW,  1, -0.507449261187E-01, -0.325147720442    ,  0.944300753131
/ANG,   1,  -1.47133991218  
/REPLO  
/VIEW,  1, -0.557180836971    ,  0.206777354558    ,  0.804234195092
/ANG,   1,   1.34121952630  
/REPLO  
/VIEW,  1, -0.294092754496    ,  0.367581527806    ,  0.882265987199
/ANG,   1,   5.55545922728  
/REPLO  
FINISH  
/SOL
FINISH  
/PREP7  
FLST,2,225,1,ORDE,2 
FITEM,2,1   
FITEM,2,-225
FDELE,P51X,ALL  
NPLOT   
/VIEW,  1,  0.988426545074    , -0.142303995928    ,  0.525598490787E-01
/ANG,   1,   5.10174336601  
/REPLO  
/FOC,   1,  0.180768235776E-07,  0.364197322463E-07,  0.150013851334E-06
/REPLO  
/FOC,   1,  0.179756868847E-07,  0.432430825245E-07,  0.170389788878E-06
/REPLO  
/VIEW,  1,  0.901821908516    ,  0.104242149905    ,  0.419345704048
/ANG,   1,   5.10356279438  
/REPLO  
/VIEW,  1,  0.712930379792    ,  0.187868117020    ,  0.675600358331
/ANG,   1,   2.36052588887  
/REPLO  
/VIEW,  1,  0.623453430899    ,  0.232066121327    ,  0.746626502900
/ANG,   1,  0.920115011106  
/REPLO  
/DIST,1,1.08222638492,1 
/REP,FAST   
/DIST,1,1.08222638492,1 
/REP,FAST   
/DIST,1,1.08222638492,1 
/REP,FAST   
/DIST,1,1.08222638492,1 
/REP,FAST   
/DIST,1,1.08222638492,1 
/REP,FAST   
/DIST,1,0.924021086472,1
/REP,FAST   
/DIST,1,0.924021086472,1
/REP,FAST   
/DIST,1,0.924021086472,1
/REP,FAST   
/DIST,1,0.924021086472,1
/REP,FAST   
/DIST,1,0.924021086472,1
/REP,FAST   
/DIST,1,0.924021086472,1
/REP,FAST   
/DIST,1,0.924021086472,1
/REP,FAST   
/DIST,1,0.924021086472,1
/REP,FAST   
/DIST,1,0.924021086472,1
/REP,FAST   
/DIST,1,0.924021086472,1
/REP,FAST   
/DIST,1,0.924021086472,1
/REP,FAST   
/DIST,1,0.924021086472,1
/REP,FAST   
/DIST,1,0.924021086472,1
/REP,FAST   
/VIEW,  1,  0.652151156758    ,  0.154565137982    ,  0.742164730272
/ANG,   1,   1.20510958324  
/REPLO  
!*  
/PSF,DEFA, ,1,0,1   
/PBF,DEFA, ,1   
/PIC,DEFA, ,1   
/PSYMB,CS,0 
/PSYMB,NDIR,0   
/PSYMB,ESYS,0   
/PSYMB,LDIV,0   
/PSYMB,LDIR,0   
/PSYMB,ADIR,0   
/PSYMB,ECON,0   
/PSYMB,XNODE,0  
/PSYMB,DOT,1
/PSYMB,PCONV,   
/PSYMB,LAYR,0   
/PSYMB,FBCS,0   
!*  
/PBC,ALL,,1 
/PBC,NFOR,,0
/PBC,NMOM,,0
/PBC,RFOR,,0
/PBC,RMOM,,0
/PBC,PATH,,0
/REP
!*  
/DIST,1,0.924021086472,1
/REP,FAST   
/DIST,1,0.924021086472,1
/REP,FAST   
/DIST,1,0.924021086472,1
/REP,FAST   
/DIST,1,0.924021086472,1
/REP,FAST   
/DIST,1,1.08222638492,1 
/REP,FAST   
/DIST,1,1.08222638492,1 
/REP,FAST   
/DIST,1,1.08222638492,1 
/REP,FAST   
/DIST,1,1.08222638492,1 
/REP,FAST   
/DIST,1,1.08222638492,1 
/REP,FAST   
/DIST,1,1.08222638492,1 
/REP,FAST   
/DIST,1,1.08222638492,1 
/REP,FAST   
/DIST,1,1.08222638492,1 
/REP,FAST   
/DIST,1,1.08222638492,1 
/REP,FAST   
/DIST,1,1.08222638492,1 
/REP,FAST   
/DIST,1,1.08222638492,1 
/REP,FAST   
/DIST,1,1.08222638492,1 
/REP,FAST   
/DIST,1,1.08222638492,1 
/REP,FAST   
/DIST,1,1.08222638492,1 
/REP,FAST   
/DIST,1,1.08222638492,1 
/REP,FAST   
/DIST,1,1.08222638492,1 
/REP,FAST   
/DIST,1,1.08222638492,1 
/REP,FAST   
/DIST,1,1.08222638492,1 
/REP,FAST   
/DIST,1,1.08222638492,1 
/REP,FAST   
/DIST,1,1.08222638492,1 
/REP,FAST   
/DIST,1,1.08222638492,1 
/REP,FAST   
/DIST,1,1.08222638492,1 
/REP,FAST   
/DIST,1,1.08222638492,1 
/REP,FAST   
/DIST,1,1.08222638492,1 
/REP,FAST   
/DIST,1,1.08222638492,1 
/REP,FAST   
/DIST,1,1.08222638492,1 
/REP,FAST   
/DIST,1,0.924021086472,1
/REP,FAST   
/DIST,1,0.924021086472,1
/REP,FAST   
/DIST,1,0.924021086472,1
/REP,FAST   
/DIST,1,0.924021086472,1
/REP,FAST   
/DIST,1,0.924021086472,1
/REP,FAST   
/DIST,1,0.924021086472,1
/REP,FAST   
/DIST,1,0.924021086472,1
/REP,FAST   
/DIST,1,0.924021086472,1
/REP,FAST   
/DIST,1,0.924021086472,1
/REP,FAST   
/DIST,1,0.924021086472,1
/REP,FAST   
/DIST,1,0.924021086472,1
/REP,FAST   
/DIST,1,0.924021086472,1
/REP,FAST   
/DIST,1,0.924021086472,1
/REP,FAST   
/DIST,1,0.924021086472,1
/REP,FAST   
/DIST,1,0.924021086472,1
/REP,FAST   
/DIST,1,0.924021086472,1
/REP,FAST   
/DIST,1,0.924021086472,1
/REP,FAST   
/DIST,1,0.924021086472,1
/REP,FAST   
FLST,2,1,1,ORDE,1   
FITEM,2,109 
!*  
/GO 
F,P51X,FY,-10e-9
EPLOT   
/DIST,1,0.924021086472,1
/REP,FAST   
/DIST,1,0.924021086472,1
/REP,FAST   
/DIST,1,0.924021086472,1
/REP,FAST   
/DIST,1,0.924021086472,1
/REP,FAST   
/DIST,1,1.08222638492,1 
/REP,FAST   
/DIST,1,1.08222638492,1 
/REP,FAST   
/DIST,1,1.08222638492,1 
/REP,FAST   
/DIST,1,1.08222638492,1 
/REP,FAST   
/DIST,1,1.08222638492,1 
/REP,FAST   
/DIST,1,1.08222638492,1 
/REP,FAST   
/DIST,1,1.08222638492,1 
/REP,FAST   
/DIST,1,1.08222638492,1 
/REP,FAST   
/DIST,1,1.08222638492,1 
/REP,FAST   
/DIST,1,1.08222638492,1 
/REP,FAST   
/DIST,1,1.08222638492,1 
/REP,FAST   
/DIST,1,1.08222638492,1 
/REP,FAST   
/DIST,1,1.08222638492,1 
/REP,FAST   
/DIST,1,1.08222638492,1 
/REP,FAST   
/DIST,1,1.08222638492,1 
/REP,FAST   
/DIST,1,1.08222638492,1 
/REP,FAST   
/DIST,1,1.08222638492,1 
/REP,FAST   
/DIST,1,1.08222638492,1 
/REP,FAST   
/DIST,1,1.08222638492,1 
/REP,FAST   
/DIST,1,1.08222638492,1 
/REP,FAST   
/DIST,1,1.08222638492,1 
/REP,FAST   
/DIST,1,1.08222638492,1 
/REP,FAST   
/DIST,1,1.08222638492,1 
/REP,FAST   
/VIEW,1,1,1,1   
/ANG,1  
/REP,FAST   
FINISH  
/SOL
/STATUS,SOLU
SOLVE   
FINISH  
/POST1  
PLDISP,2
!*  
/PSF,DEFA, ,1,0,1   
/PBF,DEFA, ,1   
/PIC,DEFA, ,1   
/PSYMB,CS,0 
/PSYMB,NDIR,0   
/PSYMB,ESYS,0   
/PSYMB,LDIV,0   
/PSYMB,LDIR,0   
/PSYMB,ADIR,0   
/PSYMB,ECON,0   
/PSYMB,XNODE,0  
/PSYMB,DOT,1
/PSYMB,PCONV,   
/PSYMB,LAYR,0   
/PSYMB,FBCS,0   
!*  
/PBC,ALL,,1 
/PBC,NFOR,,0
/PBC,NMOM,,0
/PBC,RFOR,,0
/PBC,RMOM,,0
/PBC,PATH,,0
/REP
!*  
/AUTO,1 
/REP,FAST   
!*  
/EFACET,1   
PLNSOL, U,SUM, 0,1.0
/REPLOT,RESIZE  
/REPLOT,RESIZE  
/VIEW,1,1   
/ANG,1  
/REP,FAST   
PLDISP,2
/USER,  1   
/VIEW,  1,  0.941755441956    ,  0.710076614720E-01,  0.328716594590
/ANG,   1, -0.979706348896  
/REPLO  
/VIEW,  1,  0.902680596037    ,  0.240736353913    ,  0.356670365244
/ANG,   1,  -1.28638276971  
/REPLO  
/VIEW,  1,  0.870023023330    ,  0.350669733971    ,  0.346541017128
/ANG,   1,  -1.33321922994  
/REPLO  
/FOC,   1,  0.408235955769E-07,  0.272153602957E-07,  0.957449736382E-07
/REPLO  
/FOC,   1,  0.335523363307E-07,  0.471380208130E-07,  0.938401165558E-07
/REPLO  
/REPLOT,RESIZE  
/REPLOT,RESIZE  
/VIEW,  1,  0.875051549455    ,  0.144816920089    ,  0.461858036037
/ANG,   1,  -2.54872870807  
/REPLO  
/VIEW,  1,  0.831261733629    ,  0.830297559351E-01,  0.549645330948
/ANG,   1,  -2.09066004719  
/REPLO  
/VIEW,  1,  0.919345694502    ,  0.883712882190E-01,  0.383397977849
/ANG,   1,  -1.15927728014  
/REPLO  
/VIEW,  1,  0.907806775312    ,  0.291987825905    ,  0.301048116123
/ANG,   1,  -1.85591332118  
/REPLO  
/VIEW,  1,  0.818234551221    ,  0.299092127275    ,  0.490954293790
/ANG,   1,  -5.51998822687  
/REPLO  
/VIEW,  1,  0.916941947664    ,  0.209880879046    ,  0.339363346909
/ANG,   1,  -2.73544324226  
/REPLO  
!*  
/PSF,DEFA, ,1,0,1   
/PBF,DEFA, ,1   
/PIC,DEFA, ,1   
/PSYMB,CS,0 
/PSYMB,NDIR,0   
/PSYMB,ESYS,0   
/PSYMB,LDIV,0   
/PSYMB,LDIR,0   
/PSYMB,ADIR,0   
/PSYMB,ECON,0   
/PSYMB,XNODE,0  
/PSYMB,DOT,1
/PSYMB,PCONV,   
/PSYMB,LAYR,0   
/PSYMB,FBCS,0   
!*  
/PBC,ALL, ,1
/REP
!*  
!*  
/PSF,DEFA, ,1,0,1   
/PBF,DEFA, ,1   
/PIC,DEFA, ,1   
/PSYMB,CS,0 
/PSYMB,NDIR,0   
/PSYMB,ESYS,0   
/PSYMB,LDIV,0   
/PSYMB,LDIR,0   
/PSYMB,ADIR,0   
/PSYMB,ECON,0   
/PSYMB,XNODE,0  
/PSYMB,DOT,1
/PSYMB,PCONV,   
/PSYMB,LAYR,0   
/PSYMB,FBCS,0   
!*  
/PBC,ALL, ,0
/REP
!*  
/REPLOT,RESIZE  
/REPLOT,RESIZE  
FINISH  
! /EXIT,ALL 
